<?xml version="1.0" encoding="UTF-8"?>
<!-- Generated by org.testng.reporters.JUnitReportReporter -->
<testsuite hostname="THANHKHANH" failures="0" tests="2" name="com.thanhpham.test.WindowsAndFramesTest" time="43.965" errors="0" timestamp="2020-05-09T12:00:20 PDT" skipped="0">
  <testcase classname="com.thanhpham.test.WindowsAndFramesTest" name="newWindowTest" time="23.167"/>
  <system-out/>
  <testcase classname="com.thanhpham.test.WindowsAndFramesTest" name="wysiwygEditorTest" time="20.798"/>
  <system-out/>
</testsuite> <!-- com.thanhpham.test.WindowsAndFramesTest -->
