<?xml version="1.0" encoding="UTF-8"?>
<!-- Generated by org.testng.reporters.JUnitReportReporter -->
<testsuite hostname="THANHKHANH" failures="0" tests="1" name="com.thanhpham.test.DynamicallyLoadedElementsTest" time="15.998" errors="0" timestamp="2020-05-08T23:49:31 PDT" skipped="0">
  <testcase classname="com.thanhpham.test.DynamicallyLoadedElementsTest" name="startButtonTest" time="15.998"/>
  <system-out/>
</testsuite> <!-- com.thanhpham.test.DynamicallyLoadedElementsTest -->
