<?xml version="1.0" encoding="UTF-8"?>
<!-- Generated by org.testng.reporters.JUnitReportReporter -->
<testsuite hostname="THANHKHANH" failures="0" tests="4" name="com.thanhpham.test.AlertsTest" time="84.418" errors="0" timestamp="2020-05-09T11:41:07 PDT" skipped="0">
  <testcase classname="com.thanhpham.test.AlertsTest" name="jSAlertButtonTest" time="20.472"/>
  <system-out/>
  <testcase classname="com.thanhpham.test.AlertsTest" name="jSAlertConfirmTest" time="20.217"/>
  <system-out/>
  <testcase classname="com.thanhpham.test.AlertsTest" name="jSAlertCancelTest" time="22.953"/>
  <system-out/>
  <testcase classname="com.thanhpham.test.AlertsTest" name="jSAlertPromptTest" time="20.776"/>
  <system-out/>
</testsuite> <!-- com.thanhpham.test.AlertsTest -->
