<?xml version="1.0" encoding="UTF-8"?>
<!-- Generated by org.testng.reporters.JUnitReportReporter -->
<testsuite hostname="THANHKHANH" failures="0" tests="1" name="com.thanhpham.test.LogInTest" time="6.596" errors="0" timestamp="2020-05-07T22:15:10 PDT" skipped="0">
  <testcase classname="com.thanhpham.test.LogInTest" name="logInTest" time="6.596"/>
  <system-out/>
</testsuite> <!-- com.thanhpham.test.LogInTest -->
